I, [2016-09-14T09:42:43.568499 #31336]  INFO -- : Refreshing Gem list
I, [2016-09-14T09:42:45.909518 #31336]  INFO -- : unlinking existing socket=/root/RestApiApp/shared/sockets/unicorn.sock
I, [2016-09-14T09:42:45.909757 #31336]  INFO -- : listening on addr=/root/RestApiApp/shared/sockets/unicorn.sock fd=9
I, [2016-09-14T09:42:45.910130 #31336]  INFO -- : listening on addr=0.0.0.0:8080 fd=11
I, [2016-09-14T09:42:45.910261 #31336]  INFO -- : worker=0 spawning...
I, [2016-09-14T09:42:45.912149 #31336]  INFO -- : worker=1 spawning...
I, [2016-09-14T09:42:45.913259 #31387]  INFO -- : worker=0 spawned pid=31387
I, [2016-09-14T09:42:45.914793 #31336]  INFO -- : worker=2 spawning...
I, [2016-09-14T09:42:45.915023 #31387]  INFO -- : worker=0 ready
I, [2016-09-14T09:42:45.916424 #31336]  INFO -- : worker=3 spawning...
I, [2016-09-14T09:42:45.918749 #31336]  INFO -- : master process ready
I, [2016-09-14T09:42:45.919159 #31390]  INFO -- : worker=1 spawned pid=31390
I, [2016-09-14T09:42:45.919376 #31390]  INFO -- : worker=1 ready
I, [2016-09-14T09:42:45.920515 #31392]  INFO -- : worker=2 spawned pid=31392
I, [2016-09-14T09:42:45.920729 #31392]  INFO -- : worker=2 ready
I, [2016-09-14T09:42:45.921850 #31395]  INFO -- : worker=3 spawned pid=31395
I, [2016-09-14T09:42:45.922053 #31395]  INFO -- : worker=3 ready
I, [2016-09-14T09:44:43.956241 #31336]  INFO -- : reaped #<Process::Status: pid 31390 exit 0> worker=1
I, [2016-09-14T09:44:43.961661 #31336]  INFO -- : reaped #<Process::Status: pid 31395 exit 0> worker=3
I, [2016-09-14T09:44:44.062731 #31336]  INFO -- : reaped #<Process::Status: pid 31387 exit 0> worker=0
I, [2016-09-14T09:44:44.062925 #31336]  INFO -- : reaped #<Process::Status: pid 31392 exit 0> worker=2
I, [2016-09-14T09:44:44.063106 #31336]  INFO -- : master complete
I, [2016-09-14T09:44:47.628816 #32298]  INFO -- : Refreshing Gem list
I, [2016-09-14T09:44:50.224625 #32298]  INFO -- : unlinking existing socket=/root/RestApiApp/shared/sockets/unicorn.sock
I, [2016-09-14T09:44:50.224925 #32298]  INFO -- : listening on addr=/root/RestApiApp/shared/sockets/unicorn.sock fd=9
I, [2016-09-14T09:44:50.225331 #32298]  INFO -- : listening on addr=0.0.0.0:8080 fd=11
I, [2016-09-14T09:44:50.225542 #32298]  INFO -- : worker=0 spawning...
I, [2016-09-14T09:44:50.228030 #32298]  INFO -- : worker=1 spawning...
I, [2016-09-14T09:44:50.229142 #32301]  INFO -- : worker=0 spawned pid=32301
I, [2016-09-14T09:44:50.229347 #32301]  INFO -- : worker=0 ready
I, [2016-09-14T09:44:50.230336 #32298]  INFO -- : worker=2 spawning...
I, [2016-09-14T09:44:50.232525 #32298]  INFO -- : worker=3 spawning...
I, [2016-09-14T09:44:50.233662 #32304]  INFO -- : worker=1 spawned pid=32304
I, [2016-09-14T09:44:50.233856 #32304]  INFO -- : worker=1 ready
I, [2016-09-14T09:44:50.235074 #32298]  INFO -- : master process ready
I, [2016-09-14T09:44:50.236075 #32306]  INFO -- : worker=2 spawned pid=32306
I, [2016-09-14T09:44:50.236253 #32306]  INFO -- : worker=2 ready
I, [2016-09-14T09:44:50.237212 #32309]  INFO -- : worker=3 spawned pid=32309
I, [2016-09-14T09:44:50.237555 #32309]  INFO -- : worker=3 ready
I, [2016-09-14T09:47:32.262848 #32298]  INFO -- : reaped #<Process::Status: pid 32301 exit 0> worker=0
I, [2016-09-14T09:47:32.263068 #32298]  INFO -- : reaped #<Process::Status: pid 32304 exit 0> worker=1
I, [2016-09-14T09:47:32.263169 #32298]  INFO -- : reaped #<Process::Status: pid 32306 exit 0> worker=2
I, [2016-09-14T09:47:32.263265 #32298]  INFO -- : reaped #<Process::Status: pid 32309 exit 0> worker=3
I, [2016-09-14T09:47:32.263442 #32298]  INFO -- : master complete
I, [2016-09-14T09:47:36.024248 #1931]  INFO -- : Refreshing Gem list
I, [2016-09-14T09:47:38.313662 #1931]  INFO -- : unlinking existing socket=/root/RestApiApp/shared/sockets/unicorn.sock
I, [2016-09-14T09:47:38.313940 #1931]  INFO -- : listening on addr=/root/RestApiApp/shared/sockets/unicorn.sock fd=9
I, [2016-09-14T09:47:38.314359 #1931]  INFO -- : listening on addr=0.0.0.0:8080 fd=11
I, [2016-09-14T09:47:38.314531 #1931]  INFO -- : worker=0 spawning...
I, [2016-09-14T09:47:38.316439 #1931]  INFO -- : worker=1 spawning...
I, [2016-09-14T09:47:38.318577 #1931]  INFO -- : worker=2 spawning...
I, [2016-09-14T09:47:38.317384 #2006]  INFO -- : worker=0 spawned pid=2006
I, [2016-09-14T09:47:38.318919 #2006]  INFO -- : worker=0 ready
I, [2016-09-14T09:47:38.320189 #1931]  INFO -- : worker=3 spawning...
I, [2016-09-14T09:47:38.321078 #2009]  INFO -- : worker=1 spawned pid=2009
I, [2016-09-14T09:47:38.321234 #2009]  INFO -- : worker=1 ready
I, [2016-09-14T09:47:38.322427 #1931]  INFO -- : master process ready
I, [2016-09-14T09:47:38.323360 #2011]  INFO -- : worker=2 spawned pid=2011
I, [2016-09-14T09:47:38.323535 #2011]  INFO -- : worker=2 ready
I, [2016-09-14T09:47:38.324407 #2014]  INFO -- : worker=3 spawned pid=2014
I, [2016-09-14T09:47:38.324632 #2014]  INFO -- : worker=3 ready
I, [2016-09-14T09:49:37.376529 #1931]  INFO -- : reaped #<Process::Status: pid 2006 exit 0> worker=0
I, [2016-09-14T09:49:37.377318 #1931]  INFO -- : reaped #<Process::Status: pid 2009 exit 0> worker=1
I, [2016-09-14T09:49:37.377548 #1931]  INFO -- : reaped #<Process::Status: pid 2011 exit 0> worker=2
I, [2016-09-14T09:49:37.377929 #1931]  INFO -- : reaped #<Process::Status: pid 2014 exit 0> worker=3
I, [2016-09-14T09:49:37.378251 #1931]  INFO -- : master complete
I, [2016-09-14T09:51:25.882895 #6306]  INFO -- : Refreshing Gem list
I, [2016-09-14T09:51:27.875340 #6306]  INFO -- : unlinking existing socket=/root/RestApiApp/shared/sockets/unicorn.sock
I, [2016-09-14T09:51:27.875595 #6306]  INFO -- : listening on addr=/root/RestApiApp/shared/sockets/unicorn.sock fd=9
I, [2016-09-14T09:51:27.875982 #6306]  INFO -- : listening on addr=0.0.0.0:8080 fd=11
I, [2016-09-14T09:51:27.876130 #6306]  INFO -- : worker=0 spawning...
I, [2016-09-14T09:51:27.877901 #6306]  INFO -- : worker=1 spawning...
I, [2016-09-14T09:51:27.879176 #6306]  INFO -- : worker=2 spawning...
I, [2016-09-14T09:51:27.880093 #6354]  INFO -- : worker=0 spawned pid=6354
I, [2016-09-14T09:51:27.880266 #6354]  INFO -- : worker=0 ready
I, [2016-09-14T09:51:27.882050 #6306]  INFO -- : worker=3 spawning...
I, [2016-09-14T09:51:27.882925 #6356]  INFO -- : worker=1 spawned pid=6356
I, [2016-09-14T09:51:27.883094 #6356]  INFO -- : worker=1 ready
I, [2016-09-14T09:51:27.884850 #6306]  INFO -- : master process ready
I, [2016-09-14T09:51:27.886057 #6359]  INFO -- : worker=2 spawned pid=6359
I, [2016-09-14T09:51:27.886251 #6359]  INFO -- : worker=2 ready
I, [2016-09-14T09:51:27.887101 #6362]  INFO -- : worker=3 spawned pid=6362
I, [2016-09-14T09:51:27.887254 #6362]  INFO -- : worker=3 ready
I, [2016-09-14T09:52:09.160262 #6306]  INFO -- : reaped #<Process::Status: pid 6359 exit 0> worker=2
I, [2016-09-14T09:52:09.266965 #6306]  INFO -- : reaped #<Process::Status: pid 6354 exit 0> worker=0
I, [2016-09-14T09:52:09.267179 #6306]  INFO -- : reaped #<Process::Status: pid 6356 exit 0> worker=1
I, [2016-09-14T09:52:09.267292 #6306]  INFO -- : reaped #<Process::Status: pid 6362 exit 0> worker=3
I, [2016-09-14T09:52:09.267698 #6306]  INFO -- : master complete
I, [2016-09-14T09:52:13.288600 #7126]  INFO -- : Refreshing Gem list
I, [2016-09-14T09:52:15.458716 #7126]  INFO -- : unlinking existing socket=/root/RestApiApp/shared/sockets/unicorn.sock
I, [2016-09-14T09:52:15.459160 #7126]  INFO -- : listening on addr=/root/RestApiApp/shared/sockets/unicorn.sock fd=9
I, [2016-09-14T09:52:15.459888 #7126]  INFO -- : listening on addr=0.0.0.0:8080 fd=11
I, [2016-09-14T09:52:15.460139 #7126]  INFO -- : worker=0 spawning...
I, [2016-09-14T09:52:15.462984 #7126]  INFO -- : worker=1 spawning...
I, [2016-09-14T09:52:15.464760 #7180]  INFO -- : worker=0 spawned pid=7180
I, [2016-09-14T09:52:15.465170 #7180]  INFO -- : worker=0 ready
I, [2016-09-14T09:52:15.467799 #7126]  INFO -- : worker=2 spawning...
I, [2016-09-14T09:52:15.471037 #7183]  INFO -- : worker=1 spawned pid=7183
I, [2016-09-14T09:52:15.471456 #7183]  INFO -- : worker=1 ready
I, [2016-09-14T09:52:15.472943 #7126]  INFO -- : worker=3 spawning...
I, [2016-09-14T09:52:15.474883 #7186]  INFO -- : worker=2 spawned pid=7186
I, [2016-09-14T09:52:15.475377 #7186]  INFO -- : worker=2 ready
I, [2016-09-14T09:52:15.478813 #7126]  INFO -- : master process ready
I, [2016-09-14T09:52:15.481243 #7189]  INFO -- : worker=3 spawned pid=7189
I, [2016-09-14T09:52:15.481837 #7189]  INFO -- : worker=3 ready
E, [2016-09-14T09:52:50.508636 #7126] ERROR -- : worker=3 PID:7189 timeout (31s > 30s), killing
E, [2016-09-14T09:52:50.513497 #7126] ERROR -- : reaped #<Process::Status: pid 7189 SIGKILL (signal 9)> worker=3
I, [2016-09-14T09:52:50.513992 #7126]  INFO -- : worker=3 spawning...
I, [2016-09-14T09:52:50.516934 #7787]  INFO -- : worker=3 spawned pid=7787
I, [2016-09-14T09:52:50.517219 #7787]  INFO -- : worker=3 ready
E, [2016-09-14T09:53:01.526790 #7126] ERROR -- : worker=2 PID:7186 timeout (31s > 30s), killing
E, [2016-09-14T09:53:01.534568 #7126] ERROR -- : reaped #<Process::Status: pid 7186 SIGKILL (signal 9)> worker=2
I, [2016-09-14T09:53:01.534825 #7126]  INFO -- : worker=2 spawning...
I, [2016-09-14T09:53:01.541561 #8007]  INFO -- : worker=2 spawned pid=8007
I, [2016-09-14T09:53:01.541876 #8007]  INFO -- : worker=2 ready
E, [2016-09-14T09:53:32.557249 #7126] ERROR -- : worker=2 PID:8007 timeout (31s > 30s), killing
E, [2016-09-14T09:53:32.560995 #7126] ERROR -- : reaped #<Process::Status: pid 8007 SIGKILL (signal 9)> worker=2
I, [2016-09-14T09:53:32.561232 #7126]  INFO -- : worker=2 spawning...
I, [2016-09-14T09:53:32.563310 #8550]  INFO -- : worker=2 spawned pid=8550
I, [2016-09-14T09:53:32.563525 #8550]  INFO -- : worker=2 ready
E, [2016-09-14T09:54:08.596134 #7126] ERROR -- : worker=3 PID:7787 timeout (31s > 30s), killing
E, [2016-09-14T09:54:08.599766 #7126] ERROR -- : reaped #<Process::Status: pid 7787 SIGKILL (signal 9)> worker=3
I, [2016-09-14T09:54:08.599972 #7126]  INFO -- : worker=3 spawning...
I, [2016-09-14T09:54:08.601965 #9197]  INFO -- : worker=3 spawned pid=9197
I, [2016-09-14T09:54:08.602353 #9197]  INFO -- : worker=3 ready
I, [2016-09-14T09:56:14.950683 #7126]  INFO -- : reaped #<Process::Status: pid 7180 exit 0> worker=0
I, [2016-09-14T09:56:14.951260 #7126]  INFO -- : reaped #<Process::Status: pid 7183 exit 0> worker=1
I, [2016-09-14T09:56:14.951561 #7126]  INFO -- : reaped #<Process::Status: pid 8550 exit 0> worker=2
I, [2016-09-14T09:56:14.951841 #7126]  INFO -- : reaped #<Process::Status: pid 9197 exit 0> worker=3
I, [2016-09-14T09:56:14.952229 #7126]  INFO -- : master complete
I, [2016-09-14T09:56:18.816666 #11503]  INFO -- : Refreshing Gem list
I, [2016-09-14T09:56:21.170971 #11503]  INFO -- : unlinking existing socket=/root/RestApiApp/shared/sockets/unicorn.sock
I, [2016-09-14T09:56:21.171210 #11503]  INFO -- : listening on addr=/root/RestApiApp/shared/sockets/unicorn.sock fd=9
I, [2016-09-14T09:56:21.171558 #11503]  INFO -- : listening on addr=0.0.0.0:8080 fd=11
I, [2016-09-14T09:56:21.171684 #11503]  INFO -- : worker=0 spawning...
I, [2016-09-14T09:56:21.173465 #11503]  INFO -- : worker=1 spawning...
I, [2016-09-14T09:56:21.174502 #11557]  INFO -- : worker=0 spawned pid=11557
I, [2016-09-14T09:56:21.174716 #11557]  INFO -- : worker=0 ready
I, [2016-09-14T09:56:21.176139 #11503]  INFO -- : worker=2 spawning...
I, [2016-09-14T09:56:21.177201 #11503]  INFO -- : worker=3 spawning...
I, [2016-09-14T09:56:21.178207 #11560]  INFO -- : worker=1 spawned pid=11560
I, [2016-09-14T09:56:21.178404 #11560]  INFO -- : worker=1 ready
I, [2016-09-14T09:56:21.179985 #11503]  INFO -- : master process ready
I, [2016-09-14T09:56:21.181200 #11562]  INFO -- : worker=2 spawned pid=11562
I, [2016-09-14T09:56:21.182119 #11565]  INFO -- : worker=3 spawned pid=11565
I, [2016-09-14T09:56:21.182325 #11565]  INFO -- : worker=3 ready
I, [2016-09-14T09:56:21.182919 #11562]  INFO -- : worker=2 ready
I, [2016-09-14T09:56:52.841585 #11503]  INFO -- : reaped #<Process::Status: pid 11565 exit 0> worker=3
I, [2016-09-14T09:56:52.945877 #11503]  INFO -- : reaped #<Process::Status: pid 11557 exit 0> worker=0
I, [2016-09-14T09:56:52.946062 #11503]  INFO -- : reaped #<Process::Status: pid 11560 exit 0> worker=1
I, [2016-09-14T09:56:52.946157 #11503]  INFO -- : reaped #<Process::Status: pid 11562 exit 0> worker=2
I, [2016-09-14T09:56:52.946331 #11503]  INFO -- : master complete
I, [2016-09-14T09:56:55.829505 #12119]  INFO -- : Refreshing Gem list
I, [2016-09-14T09:56:57.931451 #12119]  INFO -- : unlinking existing socket=/root/RestApiApp/shared/sockets/unicorn.sock
I, [2016-09-14T09:56:57.932628 #12119]  INFO -- : listening on addr=/root/RestApiApp/shared/sockets/unicorn.sock fd=9
I, [2016-09-14T09:56:57.933167 #12119]  INFO -- : listening on addr=0.0.0.0:8080 fd=11
I, [2016-09-14T09:56:57.933335 #12119]  INFO -- : worker=0 spawning...
I, [2016-09-14T09:56:57.935696 #12119]  INFO -- : worker=1 spawning...
I, [2016-09-14T09:56:57.936698 #12173]  INFO -- : worker=0 spawned pid=12173
I, [2016-09-14T09:56:57.936879 #12173]  INFO -- : worker=0 ready
I, [2016-09-14T09:56:57.938166 #12119]  INFO -- : worker=2 spawning...
I, [2016-09-14T09:56:57.939202 #12119]  INFO -- : worker=3 spawning...
I, [2016-09-14T09:56:57.939976 #12176]  INFO -- : worker=1 spawned pid=12176
I, [2016-09-14T09:56:57.940155 #12176]  INFO -- : worker=1 ready
I, [2016-09-14T09:56:57.941629 #12119]  INFO -- : master process ready
I, [2016-09-14T09:56:57.943132 #12178]  INFO -- : worker=2 spawned pid=12178
I, [2016-09-14T09:56:57.943413 #12178]  INFO -- : worker=2 ready
I, [2016-09-14T09:56:57.944324 #12181]  INFO -- : worker=3 spawned pid=12181
I, [2016-09-14T09:56:57.944484 #12181]  INFO -- : worker=3 ready
E, [2016-09-14T09:57:31.980180 #12119] ERROR -- : worker=3 PID:12181 timeout (31s > 30s), killing
E, [2016-09-14T09:57:31.984348 #12119] ERROR -- : reaped #<Process::Status: pid 12181 SIGKILL (signal 9)> worker=3
I, [2016-09-14T09:57:31.984618 #12119]  INFO -- : worker=3 spawning...
I, [2016-09-14T09:57:31.987215 #12768]  INFO -- : worker=3 spawned pid=12768
I, [2016-09-14T09:57:31.987540 #12768]  INFO -- : worker=3 ready
I, [2016-09-14T09:57:56.084909 #12119]  INFO -- : reaped #<Process::Status: pid 12173 exit 0> worker=0
I, [2016-09-14T09:57:56.085339 #12119]  INFO -- : reaped #<Process::Status: pid 12176 exit 0> worker=1
I, [2016-09-14T09:57:56.085689 #12119]  INFO -- : reaped #<Process::Status: pid 12178 exit 0> worker=2
I, [2016-09-14T09:57:56.085862 #12119]  INFO -- : reaped #<Process::Status: pid 12768 exit 0> worker=3
I, [2016-09-14T09:57:56.086114 #12119]  INFO -- : master complete
I, [2016-09-14T10:00:13.560280 #15403]  INFO -- : Refreshing Gem list
I, [2016-09-14T10:00:15.807188 #15403]  INFO -- : unlinking existing socket=/root/RestApiApp/shared/sockets/unicorn.sock
I, [2016-09-14T10:00:15.807429 #15403]  INFO -- : listening on addr=/root/RestApiApp/shared/sockets/unicorn.sock fd=10
I, [2016-09-14T10:00:15.807810 #15403]  INFO -- : listening on addr=0.0.0.0:8080 fd=11
I, [2016-09-14T10:00:15.807943 #15403]  INFO -- : worker=0 spawning...
I, [2016-09-14T10:00:15.809854 #15403]  INFO -- : worker=1 spawning...
I, [2016-09-14T10:00:15.811176 #15403]  INFO -- : worker=2 spawning...
I, [2016-09-14T10:00:15.812245 #15457]  INFO -- : worker=0 spawned pid=15457
I, [2016-09-14T10:00:15.812441 #15457]  INFO -- : worker=0 ready
I, [2016-09-14T10:00:15.813980 #15403]  INFO -- : worker=3 spawning...
I, [2016-09-14T10:00:15.814912 #15459]  INFO -- : worker=1 spawned pid=15459
I, [2016-09-14T10:00:15.815137 #15459]  INFO -- : worker=1 ready
I, [2016-09-14T10:00:15.816777 #15403]  INFO -- : master process ready
I, [2016-09-14T10:00:15.818048 #15462]  INFO -- : worker=2 spawned pid=15462
I, [2016-09-14T10:00:15.818262 #15462]  INFO -- : worker=2 ready
I, [2016-09-14T10:00:15.819275 #15465]  INFO -- : worker=3 spawned pid=15465
I, [2016-09-14T10:00:15.819450 #15465]  INFO -- : worker=3 ready
I, [2016-09-14T10:02:53.006526 #15403]  INFO -- : reaped #<Process::Status: pid 15457 exit 0> worker=0
I, [2016-09-14T10:02:53.006854 #15403]  INFO -- : reaped #<Process::Status: pid 15459 exit 0> worker=1
I, [2016-09-14T10:02:53.006997 #15403]  INFO -- : reaped #<Process::Status: pid 15462 exit 0> worker=2
I, [2016-09-14T10:02:53.007162 #15403]  INFO -- : reaped #<Process::Status: pid 15465 exit 0> worker=3
I, [2016-09-14T10:02:53.007331 #15403]  INFO -- : master complete
I, [2016-09-14T10:02:56.310273 #18132]  INFO -- : Refreshing Gem list
I, [2016-09-14T10:02:58.510254 #18132]  INFO -- : unlinking existing socket=/root/RestApiApp/shared/sockets/unicorn.sock
I, [2016-09-14T10:02:58.510490 #18132]  INFO -- : listening on addr=/root/RestApiApp/shared/sockets/unicorn.sock fd=9
I, [2016-09-14T10:02:58.510844 #18132]  INFO -- : listening on addr=0.0.0.0:8080 fd=11
I, [2016-09-14T10:02:58.510973 #18132]  INFO -- : worker=0 spawning...
I, [2016-09-14T10:02:58.512735 #18132]  INFO -- : worker=1 spawning...
I, [2016-09-14T10:02:58.514442 #18132]  INFO -- : worker=2 spawning...
I, [2016-09-14T10:02:58.514812 #18183]  INFO -- : worker=0 spawned pid=18183
I, [2016-09-14T10:02:58.514993 #18183]  INFO -- : worker=0 ready
I, [2016-09-14T10:02:58.516700 #18132]  INFO -- : worker=3 spawning...
I, [2016-09-14T10:02:58.517616 #18186]  INFO -- : worker=1 spawned pid=18186
I, [2016-09-14T10:02:58.517963 #18186]  INFO -- : worker=1 ready
I, [2016-09-14T10:02:58.519339 #18132]  INFO -- : master process ready
I, [2016-09-14T10:02:58.520435 #18188]  INFO -- : worker=2 spawned pid=18188
I, [2016-09-14T10:02:58.520605 #18188]  INFO -- : worker=2 ready
I, [2016-09-14T10:02:58.521522 #18191]  INFO -- : worker=3 spawned pid=18191
I, [2016-09-14T10:02:58.521667 #18191]  INFO -- : worker=3 ready
I, [2016-09-14T10:03:22.868773 #18132]  INFO -- : reaped #<Process::Status: pid 18186 exit 0> worker=1
I, [2016-09-14T10:03:22.868933 #18132]  INFO -- : reaped #<Process::Status: pid 18188 exit 0> worker=2
I, [2016-09-14T10:03:22.969589 #18132]  INFO -- : reaped #<Process::Status: pid 18183 exit 0> worker=0
I, [2016-09-14T10:03:22.969912 #18132]  INFO -- : reaped #<Process::Status: pid 18191 exit 0> worker=3
I, [2016-09-14T10:03:22.970110 #18132]  INFO -- : master complete
I, [2016-09-14T10:04:33.152615 #19720]  INFO -- : Refreshing Gem list
I, [2016-09-14T10:04:35.490620 #19720]  INFO -- : unlinking existing socket=/root/RestApiApp/shared/sockets/unicorn.sock
I, [2016-09-14T10:04:35.490843 #19720]  INFO -- : listening on addr=/root/RestApiApp/shared/sockets/unicorn.sock fd=9
I, [2016-09-14T10:04:35.491233 #19720]  INFO -- : listening on addr=0.0.0.0:8080 fd=11
I, [2016-09-14T10:04:35.491360 #19720]  INFO -- : worker=0 spawning...
I, [2016-09-14T10:04:35.493825 #19720]  INFO -- : worker=1 spawning...
I, [2016-09-14T10:04:35.494765 #19720]  INFO -- : worker=2 spawning...
I, [2016-09-14T10:04:35.495680 #19774]  INFO -- : worker=0 spawned pid=19774
I, [2016-09-14T10:04:35.495849 #19774]  INFO -- : worker=0 ready
I, [2016-09-14T10:04:35.497016 #19720]  INFO -- : worker=3 spawning...
I, [2016-09-14T10:04:35.497803 #19776]  INFO -- : worker=1 spawned pid=19776
I, [2016-09-14T10:04:35.497998 #19776]  INFO -- : worker=1 ready
I, [2016-09-14T10:04:35.499120 #19720]  INFO -- : master process ready
I, [2016-09-14T10:04:35.500018 #19779]  INFO -- : worker=2 spawned pid=19779
I, [2016-09-14T10:04:35.500185 #19779]  INFO -- : worker=2 ready
I, [2016-09-14T10:04:35.500997 #19782]  INFO -- : worker=3 spawned pid=19782
I, [2016-09-14T10:04:35.501164 #19782]  INFO -- : worker=3 ready
I, [2016-09-14T10:05:06.700058 #19720]  INFO -- : reaped #<Process::Status: pid 19779 exit 0> worker=2
I, [2016-09-14T10:05:06.801104 #19720]  INFO -- : reaped #<Process::Status: pid 19774 exit 0> worker=0
I, [2016-09-14T10:05:06.801332 #19720]  INFO -- : reaped #<Process::Status: pid 19776 exit 0> worker=1
I, [2016-09-14T10:05:06.801501 #19720]  INFO -- : reaped #<Process::Status: pid 19782 exit 0> worker=3
I, [2016-09-14T10:05:06.801798 #19720]  INFO -- : master complete
I, [2016-09-14T10:05:09.662179 #20376]  INFO -- : Refreshing Gem list
I, [2016-09-14T10:05:11.750553 #20376]  INFO -- : unlinking existing socket=/root/RestApiApp/shared/sockets/unicorn.sock
I, [2016-09-14T10:05:11.750798 #20376]  INFO -- : listening on addr=/root/RestApiApp/shared/sockets/unicorn.sock fd=9
I, [2016-09-14T10:05:11.751118 #20376]  INFO -- : listening on addr=0.0.0.0:8080 fd=11
I, [2016-09-14T10:05:11.751270 #20376]  INFO -- : worker=0 spawning...
I, [2016-09-14T10:05:11.753099 #20376]  INFO -- : worker=1 spawning...
I, [2016-09-14T10:05:11.754064 #20430]  INFO -- : worker=0 spawned pid=20430
I, [2016-09-14T10:05:11.754243 #20430]  INFO -- : worker=0 ready
I, [2016-09-14T10:05:11.755591 #20376]  INFO -- : worker=2 spawning...
I, [2016-09-14T10:05:11.756579 #20376]  INFO -- : worker=3 spawning...
I, [2016-09-14T10:05:11.758307 #20376]  INFO -- : master process ready
I, [2016-09-14T10:05:11.757371 #20433]  INFO -- : worker=1 spawned pid=20433
I, [2016-09-14T10:05:11.758764 #20433]  INFO -- : worker=1 ready
I, [2016-09-14T10:05:11.759687 #20435]  INFO -- : worker=2 spawned pid=20435
I, [2016-09-14T10:05:11.759871 #20435]  INFO -- : worker=2 ready
I, [2016-09-14T10:05:11.760712 #20438]  INFO -- : worker=3 spawned pid=20438
I, [2016-09-14T10:05:11.760865 #20438]  INFO -- : worker=3 ready
E, [2016-09-14T10:06:09.804703 #20376] ERROR -- : worker=2 PID:20435 timeout (31s > 30s), killing
E, [2016-09-14T10:06:09.818310 #20376] ERROR -- : reaped #<Process::Status: pid 20435 SIGKILL (signal 9)> worker=2
I, [2016-09-14T10:06:09.819275 #20376]  INFO -- : worker=2 spawning...
I, [2016-09-14T10:06:09.827601 #20888]  INFO -- : worker=2 spawned pid=20888
I, [2016-09-14T10:06:09.828356 #20888]  INFO -- : worker=2 ready
E, [2016-09-14T10:08:16.942428 #20376] ERROR -- : worker=1 PID:20433 timeout (31s > 30s), killing
E, [2016-09-14T10:08:16.946315 #20376] ERROR -- : reaped #<Process::Status: pid 20433 SIGKILL (signal 9)> worker=1
I, [2016-09-14T10:08:16.946568 #20376]  INFO -- : worker=1 spawning...
I, [2016-09-14T10:08:16.949292 #22659]  INFO -- : worker=1 spawned pid=22659
I, [2016-09-14T10:08:16.949567 #22659]  INFO -- : worker=1 ready
