Exiting
Exiting
Exiting
Exiting
Exiting
Exiting
Exiting
Exiting
Exiting
Exiting
Exiting
Exiting
Exiting
Exiting
Exiting
Exiting
Exiting
Exiting
Exiting
#<PriorityQueue:0x0000000197e950 @elements=[nil, #<Element:0x0000000194d710 @name="http://linkedin.com/torq07", @priority="10">]>
http://linkedin.com/torq07
#<PriorityQueue:0x0000000197e040 @elements=[nil, #<Element:0x00000001937f00 @name="http://linkedin.com/torq07", @priority="6">]>
http://linkedin.com/torq07
#<PriorityQueue:0x0000000197e950 @elements=[nil, #<Element:0x00000001761000 @name="http://linkedin.com/torq07", @priority="1">]>
http://linkedin.com/torq07
#<PriorityQueue:0x0000000197e040 @elements=[nil, #<Element:0x00000001755458 @name="http://linkedin.com/torq07", @priority="2">]>
http://linkedin.com/torq07
#<PriorityQueue:0x0000000197e950 @elements=[nil, #<Element:0x000000016327d8 @name="http://linkedin.com/torq015", @priority="15">]>
http://linkedin.com/torq015
#<PriorityQueue:0x0000000197e040 @elements=[nil, #<Element:0x0000000162f6c8 @name="http://linkedin.com/torq015", @priority="15">]>
http://linkedin.com/torq015
#<PriorityQueue:0x0000000197e950 @elements=[nil, #<Element:0x000000013e9530 @name="http://linkedin.com/torq07", @priority="6">]>
http://linkedin.com/torq07
#<PriorityQueue:0x0000000197e040 @elements=[nil, #<Element:0x000000013e8568 @name="http://linkedin.com/torq07", @priority="1">]>
http://linkedin.com/torq07
#<PriorityQueue:0x0000000197e950 @elements=[nil, #<Element:0x000000048206c8 @name="http://linkedin.com/torq07", @priority="1">]>
http://linkedin.com/torq07
#<PriorityQueue:0x0000000197e040 @elements=[nil, #<Element:0x00000005643a48 @name="http://linkedin.com/torq07", @priority="2">]>
http://linkedin.com/torq07
#<PriorityQueue:0x0000000124b610 @elements=[nil, #<Element:0x000000011afa58 @name="http://linkedin.com/torq07", @priority="1">]>
http://linkedin.com/torq07
works
#<PriorityQueue:0x00000004389f60 @elements=[nil, #<Element:0x00000004370808 @name="http://linkedin.com/torq07", @priority=1>]>
#<Element:0x00000004370808 @name="http://linkedin.com/torq07", @priority=1>
works
#<PriorityQueue:0x00000004389e98 @elements=[nil, #<Element:0x000000043706c8 @name="http://linkedin.com/torq15", @priority=15>]>
#<Element:0x000000043706c8 @name="http://linkedin.com/torq15", @priority=15>
works
#<PriorityQueue:0x00000004389f60 @elements=[nil, #<Element:0x00000003fd5f18 @name="http://linkedin.com/torq05", @priority=5>]>
#<Element:0x00000003fd5f18 @name="http://linkedin.com/torq05", @priority=5>
works
#<PriorityQueue:0x00000004389e98 @elements=[nil, #<Element:0x00000003fd5d88 @name="http://linkedin.com/torq30", @priority=30>]>
#<Element:0x00000003fd5d88 @name="http://linkedin.com/torq30", @priority=30>
works
#<PriorityQueue:0x00000004389f60 @elements=[nil, #<Element:0x00000003f29218 @name="http://linkedin.com/torq4", @priority=4>]>
#<Element:0x00000003f29218 @name="http://linkedin.com/torq4", @priority=4>
works
#<PriorityQueue:0x00000004389e98 @elements=[nil, #<Element:0x00000003f290d8 @name="http://linkedin.com/torq20", @priority=20>]>
#<Element:0x00000003f290d8 @name="http://linkedin.com/torq20", @priority=20>
works
#<PriorityQueue:0x00000004389f60 @elements=[nil, #<Element:0x00000003e8d818 @name="http://linkedin.com/torq41", @priority=41>]>
#<Element:0x00000003e8d818 @name="http://linkedin.com/torq41", @priority=41>
works
#<PriorityQueue:0x000000046f3980 @elements=[nil, #<Element:0x000000046e4a98 @name="http://linkedin.com/torq07", @priority=0>], @results={}, @run=true>
works
#<PriorityQueue:0x000000046f1ba8 @elements=[nil, #<Element:0x000000046deda0 @name="http://linkedin.com/torq07", @priority=10>], @results={}, @run=true>
works
#<PriorityQueue:0x000000046f1ba8 @elements=[nil, #<Element:0x000000044c05a0 @name=nil, @priority=0>], @results={}, @run=true>
works
#<PriorityQueue:0x0000000473bc80 @elements=[nil, #<Element:0x00000004734b38 @name=nil, @priority=0>], @results={}, @run=true>
works
works
#<PriorityQueue:0x000000041671d8 @elements=[nil, #<Element:0x0000000414e2f0 @name="http://linkedin.com/torq07", @priority=0>], @results={}, @run=true>
works
works
works
works
works
works
works
works
works
works
works
works
works
works
works
works
works
works
works
works
works
works
works
works
works
works
works
works
works
works
works
works
works
works
works
works
works
works
works
works
works
works
works
works
works
works
works
works
works
works
works
works
works
works
works
works
works
works
works
works
works
works
works
works
works
works
works
works
works
works
works
works
works
works
works
works
works
works
works
works
works
works
works
works
works
works
works
works
works
works
works
works
works
works
works
works
works
works
works
works
works
works
works
works
works
works
works
works
works
works
works
works
works
works
works
works
works
works
works
works
works
works
works
works
works
works
works
works
works
works
works
works
works
works
works
works
works
works
works
works
works
works
works
works
works
works
works
works
works
works
works
works
works
works
works
works
works
works
works
works
works
works
works
works
works
works
works
works
works
works
works
works
works
